<?xml version="1.0" encoding="UTF-8"?>
<coverage generated="1555405093541" clover="3.2.0">
  <project timestamp="1555405093541" name="All files">
    <metrics statements="3" coveredstatements="3" conditionals="0" coveredconditionals="0" methods="3" coveredmethods="3" elements="6" coveredelements="6" complexity="0" loc="3" ncloc="3" packages="1" files="1" classes="1"/>
    <file name="pathTools.ts" path="/Users/nnx/Learn/Coding/react-mobx-ts/src/test/pathTools.ts">
      <metrics statements="3" coveredstatements="3" conditionals="0" coveredconditionals="0" methods="3" coveredmethods="3"/>
      <line num="3" count="1" type="stmt"/>
      <line num="4" count="9" type="stmt"/>
      <line num="5" count="6" type="stmt"/>
    </file>
  </project>
</coverage>
