{"/Users/nnx/Learn/Coding/react-mobx-ts/src/test/pathTools.ts": {"path":"/Users/nnx/Learn/Coding/react-mobx-ts/src/test/pathTools.ts","statementMap":{"0":{"start":{"line":4,"column":18},"end":{"line":4,"column":53}},"1":{"start":{"line":4,"column":51},"end":{"line":4,"column":52}},"2":{"start":{"line":5,"column":2},"end":{"line":5,"column":94}},"3":{"start":{"line":5,"column":49},"end":{"line":5,"column":92}},"4":{"start":{"line":3,"column":0},"end":{"line":3,"column":16}}},"fnMap":{"0":{"name":"urlToList","decl":{"start":{"line":3,"column":16},"end":{"line":3,"column":25}},"loc":{"start":{"line":3,"column":34},"end":{"line":6,"column":1}}},"1":{"name":"(anonymous_1)","decl":{"start":{"line":4,"column":40},"end":{"line":4,"column":41}},"loc":{"start":{"line":4,"column":51},"end":{"line":4,"column":52}}},"2":{"name":"(anonymous_2)","decl":{"start":{"line":5,"column":21},"end":{"line":5,"column":22}},"loc":{"start":{"line":5,"column":49},"end":{"line":5,"column":92}}}},"branchMap":{},"s":{"0":3,"1":9,"2":3,"3":6,"4":1},"f":{"0":3,"1":9,"2":6},"b":{}}
}
